<?xml version="1.0" encoding="UTF-8"?>
<data>
  <row>
    <dat>2020-01-22</dat>
    <name>Democratic give.</name>
    <phone>9094165921</phone>
    <float>54.6</float>
    <deci>23.36</deci>
  </row>
  <row>
    <dat>2021-02-17</dat>
    <name>Father development.</name>
    <phone>2248150983</phone>
    <float>8.75</float>
    <deci>68.5</deci>
  </row>
  <row>
    <dat>2024-04-15</dat>
    <name>Six street allow.</name>
    <phone>8627663912</phone>
    <float>77.54</float>
    <deci>7.11</deci>
  </row>
  <row>
    <dat>2025-03-24</dat>
    <name>Soon outside ahead.</name>
    <phone>1308120135</phone>
    <float>20.73</float>
    <deci>22.94</deci>
  </row>
  <row>
    <dat>2025-04-08</dat>
    <name>Month help.</name>
    <phone>4136291057</phone>
    <float>12.36</float>
    <deci>83.06</deci>
  </row>
  <row>
    <dat>2024-07-16</dat>
    <name>Character break.</name>
    <phone>8823846947</phone>
    <float>68.27</float>
    <deci>58.86</deci>
  </row>
  <row>
    <dat>2023-03-06</dat>
    <name>List figure society.</name>
    <phone>1634701368</phone>
    <float>28.51</float>
    <deci>15.0</deci>
  </row>
  <row>
    <dat>2020-04-05</dat>
    <name>Relate blue hot him.</name>
    <phone>8412274672</phone>
    <float>42.82</float>
    <deci>33.73</deci>
  </row>
  <row>
    <dat>2021-03-11</dat>
    <name>Compare statement.</name>
    <phone>7642439869</phone>
    <float>61.48</float>
    <deci>42.24</deci>
  </row>
  <row>
    <dat>2025-10-17</dat>
    <name>Memory father color.</name>
    <phone>8817749708</phone>
    <float>18.87</float>
    <deci>8.17</deci>
  </row>
</data>